  program.cpp
C:\Users\Administrator\Desktop\sbs-c--\sbs-C-plus-plus\program\program\program.cpp(96,3): error C2679: 이항 '<<': 오른쪽 피연산자로 'Container<int>' 형식을 사용하는 연산자가 없거나 허용되는 변환이 없습니다.
      C:\Program Files\Microsoft Visual Studio\2022\Community\VC\Tools\MSVC\14.43.34808\include\__msvc_ostream.hpp(480,39):
      'std::basic_ostream<char,std::char_traits<char>> &std::basic_ostream<char,std::char_traits<char>>::operator <<(std::basic_streambuf<char,std::char_traits<char>> *)'일 수 있습니다.
          C:\Users\Administrator\Desktop\sbs-c--\sbs-C-plus-plus\program\program\program.cpp(96,3):
          'std::basic_ostream<char,std::char_traits<char>> &std::basic_ostream<char,std::char_traits<char>>::operator <<(std::basic_streambuf<char,std::char_traits<char>> *)': 인수 2을(를) 'Container<int>'에서 'std::basic_streambuf<char,std::char_traits<char>> *'(으)로 변환할 수 없습니다.
              C:\Users\Administrator\Desktop\sbs-c--\sbs-C-plus-plus\program\program\program.cpp(96,11):
              이 변환을 수행할 수 있는 사용 가능한 사용자 정의 변환 연산자가 없거나 연산자를 호출할 수 없습니다.
      C:\Program Files\Microsoft Visual Studio\2022\Community\VC\Tools\MSVC\14.43.34808\include\__msvc_ostream.hpp(448,39):
      또는       'std::basic_ostream<char,std::char_traits<char>> &std::basic_ostream<char,std::char_traits<char>>::operator <<(const void *)'
          C:\Users\Administrator\Desktop\sbs-c--\sbs-C-plus-plus\program\program\program.cpp(96,3):
          'std::basic_ostream<char,std::char_traits<char>> &std::basic_ostream<char,std::char_traits<char>>::operator <<(const void *)': 인수 2을(를) 'Container<int>'에서 'const void *'(으)로 변환할 수 없습니다.
              C:\Users\Administrator\Desktop\sbs-c--\sbs-C-plus-plus\program\program\program.cpp(96,11):
              이 변환을 수행할 수 있는 사용 가능한 사용자 정의 변환 연산자가 없거나 연산자를 호출할 수 없습니다.
      C:\Program Files\Microsoft Visual Studio\2022\Community\VC\Tools\MSVC\14.43.34808\include\__msvc_ostream.hpp(430,39):
      또는       'std::basic_ostream<char,std::char_traits<char>> &std::basic_ostream<char,std::char_traits<char>>::operator <<(long double)'
          C:\Users\Administrator\Desktop\sbs-c--\sbs-C-plus-plus\program\program\program.cpp(96,3):
          'std::basic_ostream<char,std::char_traits<char>> &std::basic_ostream<char,std::char_traits<char>>::operator <<(long double)': 인수 2을(를) 'Container<int>'에서 'long double'(으)로 변환할 수 없습니다.
              C:\Users\Administrator\Desktop\sbs-c--\sbs-C-plus-plus\program\program\program.cpp(96,11):
              이 변환을 수행할 수 있는 사용 가능한 사용자 정의 변환 연산자가 없거나 연산자를 호출할 수 없습니다.
      C:\Program Files\Microsoft Visual Studio\2022\Community\VC\Tools\MSVC\14.43.34808\include\__msvc_ostream.hpp(412,39):
      또는       'std::basic_ostream<char,std::char_traits<char>> &std::basic_ostream<char,std::char_traits<char>>::operator <<(double)'
          C:\Users\Administrator\Desktop\sbs-c--\sbs-C-plus-plus\program\program\program.cpp(96,3):
          'std::basic_ostream<char,std::char_traits<char>> &std::basic_ostream<char,std::char_traits<char>>::operator <<(double)': 인수 2을(를) 'Container<int>'에서 'double'(으)로 변환할 수 없습니다.
              C:\Users\Administrator\Desktop\sbs-c--\sbs-C-plus-plus\program\program\program.cpp(96,11):
              이 변환을 수행할 수 있는 사용 가능한 사용자 정의 변환 연산자가 없거나 연산자를 호출할 수 없습니다.
      C:\Program Files\Microsoft Visual Studio\2022\Community\VC\Tools\MSVC\14.43.34808\include\__msvc_ostream.hpp(394,39):
      또는       'std::basic_ostream<char,std::char_traits<char>> &std::basic_ostream<char,std::char_traits<char>>::operator <<(float)'
          C:\Users\Administrator\Desktop\sbs-c--\sbs-C-plus-plus\program\program\program.cpp(96,3):
          'std::basic_ostream<char,std::char_traits<char>> &std::basic_ostream<char,std::char_traits<char>>::operator <<(float)': 인수 2을(를) 'Container<int>'에서 'float'(으)로 변환할 수 없습니다.
              C:\Users\Administrator\Desktop\sbs-c--\sbs-C-plus-plus\program\program\program.cpp(96,11):
              이 변환을 수행할 수 있는 사용 가능한 사용자 정의 변환 연산자가 없거나 연산자를 호출할 수 없습니다.
      C:\Program Files\Microsoft Visual Studio\2022\Community\VC\Tools\MSVC\14.43.34808\include\__msvc_ostream.hpp(376,39):
      또는       'std::basic_ostream<char,std::char_traits<char>> &std::basic_ostream<char,std::char_traits<char>>::operator <<(unsigned __int64)'
          C:\Users\Administrator\Desktop\sbs-c--\sbs-C-plus-plus\program\program\program.cpp(96,3):
          'std::basic_ostream<char,std::char_traits<char>> &std::basic_ostream<char,std::char_traits<char>>::operator <<(unsigned __int64)': 인수 2을(를) 'Container<int>'에서 'unsigned __int64'(으)로 변환할 수 없습니다.
              C:\Users\Administrator\Desktop\sbs-c--\sbs-C-plus-plus\program\program\program.cpp(96,11):
              이 변환을 수행할 수 있는 사용 가능한 사용자 정의 변환 연산자가 없거나 연산자를 호출할 수 없습니다.
      C:\Program Files\Microsoft Visual Studio\2022\Community\VC\Tools\MSVC\14.43.34808\include\__msvc_ostream.hpp(358,39):
      또는       'std::basic_ostream<char,std::char_traits<char>> &std::basic_ostream<char,std::char_traits<char>>::operator <<(__int64)'
          C:\Users\Administrator\Desktop\sbs-c--\sbs-C-plus-plus\program\program\program.cpp(96,3):
          'std::basic_ostream<char,std::char_traits<char>> &std::basic_ostream<char,std::char_traits<char>>::operator <<(__int64)': 인수 2을(를) 'Container<int>'에서 '__int64'(으)로 변환할 수 없습니다.
              C:\Users\Administrator\Desktop\sbs-c--\sbs-C-plus-plus\program\program\program.cpp(96,11):
              이 변환을 수행할 수 있는 사용 가능한 사용자 정의 변환 연산자가 없거나 연산자를 호출할 수 없습니다.
      C:\Program Files\Microsoft Visual Studio\2022\Community\VC\Tools\MSVC\14.43.34808\include\__msvc_ostream.hpp(340,39):
      또는       'std::basic_ostream<char,std::char_traits<char>> &std::basic_ostream<char,std::char_traits<char>>::operator <<(unsigned long)'
          C:\Users\Administrator\Desktop\sbs-c--\sbs-C-plus-plus\program\program\program.cpp(96,3):
          'std::basic_ostream<char,std::char_traits<char>> &std::basic_ostream<char,std::char_traits<char>>::operator <<(unsigned long)': 인수 2을(를) 'Container<int>'에서 'unsigned long'(으)로 변환할 수 없습니다.
              C:\Users\Administrator\Desktop\sbs-c--\sbs-C-plus-plus\program\program\program.cpp(96,11):
              이 변환을 수행할 수 있는 사용 가능한 사용자 정의 변환 연산자가 없거나 연산자를 호출할 수 없습니다.
      C:\Program Files\Microsoft Visual Studio\2022\Community\VC\Tools\MSVC\14.43.34808\include\__msvc_ostream.hpp(322,39):
      또는       'std::basic_ostream<char,std::char_traits<char>> &std::basic_ostream<char,std::char_traits<char>>::operator <<(long)'
          C:\Users\Administrator\Desktop\sbs-c--\sbs-C-plus-plus\program\program\program.cpp(96,3):
          'std::basic_ostream<char,std::char_traits<char>> &std::basic_ostream<char,std::char_traits<char>>::operator <<(long)': 인수 2을(를) 'Container<int>'에서 'long'(으)로 변환할 수 없습니다.
              C:\Users\Administrator\Desktop\sbs-c--\sbs-C-plus-plus\program\program\program.cpp(96,11):
              이 변환을 수행할 수 있는 사용 가능한 사용자 정의 변환 연산자가 없거나 연산자를 호출할 수 없습니다.
      C:\Program Files\Microsoft Visual Studio\2022\Community\VC\Tools\MSVC\14.43.34808\include\__msvc_ostream.hpp(303,39):
      또는       'std::basic_ostream<char,std::char_traits<char>> &std::basic_ostream<char,std::char_traits<char>>::operator <<(unsigned int)'
          C:\Users\Administrator\Desktop\sbs-c--\sbs-C-plus-plus\program\program\program.cpp(96,3):
          'std::basic_ostream<char,std::char_traits<char>> &std::basic_ostream<char,std::char_traits<char>>::operator <<(unsigned int)': 인수 2을(를) 'Container<int>'에서 'unsigned int'(으)로 변환할 수 없습니다.
              C:\Users\Administrator\Desktop\sbs-c--\sbs-C-plus-plus\program\program\program.cpp(96,11):
              이 변환을 수행할 수 있는 사용 가능한 사용자 정의 변환 연산자가 없거나 연산자를 호출할 수 없습니다.
      C:\Program Files\Microsoft Visual Studio\2022\Community\VC\Tools\MSVC\14.43.34808\include\__msvc_ostream.hpp(277,39):
      또는       'std::basic_ostream<char,std::char_traits<char>> &std::basic_ostream<char,std::char_traits<char>>::operator <<(int)'
          C:\Users\Administrator\Desktop\sbs-c--\sbs-C-plus-plus\program\program\program.cpp(96,3):
          'std::basic_ostream<char,std::char_traits<char>> &std::basic_ostream<char,std::char_traits<char>>::operator <<(int)': 인수 2을(를) 'Container<int>'에서 'int'(으)로 변환할 수 없습니다.
              C:\Users\Administrator\Desktop\sbs-c--\sbs-C-plus-plus\program\program\program.cpp(96,11):
              이 변환을 수행할 수 있는 사용 가능한 사용자 정의 변환 연산자가 없거나 연산자를 호출할 수 없습니다.
      C:\Program Files\Microsoft Visual Studio\2022\Community\VC\Tools\MSVC\14.43.34808\include\__msvc_ostream.hpp(258,39):
      또는       'std::basic_ostream<char,std::char_traits<char>> &std::basic_ostream<char,std::char_traits<char>>::operator <<(unsigned short)'
          C:\Users\Administrator\Desktop\sbs-c--\sbs-C-plus-plus\program\program\program.cpp(96,3):
          'std::basic_ostream<char,std::char_traits<char>> &std::basic_ostream<char,std::char_traits<char>>::operator <<(unsigned short)': 인수 2을(를) 'Container<int>'에서 'unsigned short'(으)로 변환할 수 없습니다.
              C:\Users\Administrator\Desktop\sbs-c--\sbs-C-plus-plus\program\program\program.cpp(96,11):
              이 변환을 수행할 수 있는 사용 가능한 사용자 정의 변환 연산자가 없거나 연산자를 호출할 수 없습니다.
      C:\Program Files\Microsoft Visual Studio\2022\Community\VC\Tools\MSVC\14.43.34808\include\__msvc_ostream.hpp(224,39):
      또는       'std::basic_ostream<char,std::char_traits<char>> &std::basic_ostream<char,std::char_traits<char>>::operator <<(short)'
          C:\Users\Administrator\Desktop\sbs-c--\sbs-C-plus-plus\program\program\program.cpp(96,3):
          'std::basic_ostream<char,std::char_traits<char>> &std::basic_ostream<char,std::char_traits<char>>::operator <<(short)': 인수 2을(를) 'Container<int>'에서 'short'(으)로 변환할 수 없습니다.
              C:\Users\Administrator\Desktop\sbs-c--\sbs-C-plus-plus\program\program\program.cpp(96,11):
              이 변환을 수행할 수 있는 사용 가능한 사용자 정의 변환 연산자가 없거나 연산자를 호출할 수 없습니다.
      C:\Program Files\Microsoft Visual Studio\2022\Community\VC\Tools\MSVC\14.43.34808\include\__msvc_ostream.hpp(206,39):
      또는       'std::basic_ostream<char,std::char_traits<char>> &std::basic_ostream<char,std::char_traits<char>>::operator <<(bool)'
          C:\Users\Administrator\Desktop\sbs-c--\sbs-C-plus-plus\program\program\program.cpp(96,3):
          'std::basic_ostream<char,std::char_traits<char>> &std::basic_ostream<char,std::char_traits<char>>::operator <<(bool)': 인수 2을(를) 'Container<int>'에서 'bool'(으)로 변환할 수 없습니다.
              C:\Users\Administrator\Desktop\sbs-c--\sbs-C-plus-plus\program\program\program.cpp(96,11):
              이 변환을 수행할 수 있는 사용 가능한 사용자 정의 변환 연산자가 없거나 연산자를 호출할 수 없습니다.
      C:\Program Files\Microsoft Visual Studio\2022\Community\VC\Tools\MSVC\14.43.34808\include\__msvc_ostream.hpp(200,39):
      또는       'std::basic_ostream<char,std::char_traits<char>> &std::basic_ostream<char,std::char_traits<char>>::operator <<(std::ios_base &(__cdecl *)(std::ios_base &))'
          C:\Users\Administrator\Desktop\sbs-c--\sbs-C-plus-plus\program\program\program.cpp(96,3):
          'std::basic_ostream<char,std::char_traits<char>> &std::basic_ostream<char,std::char_traits<char>>::operator <<(std::ios_base &(__cdecl *)(std::ios_base &))': 인수 2을(를) 'Container<int>'에서 'std::ios_base &(__cdecl *)(std::ios_base &)'(으)로 변환할 수 없습니다.
              C:\Users\Administrator\Desktop\sbs-c--\sbs-C-plus-plus\program\program\program.cpp(96,11):
              이 변환을 수행할 수 있는 사용 가능한 사용자 정의 변환 연산자가 없거나 연산자를 호출할 수 없습니다.
      C:\Program Files\Microsoft Visual Studio\2022\Community\VC\Tools\MSVC\14.43.34808\include\__msvc_ostream.hpp(194,39):
      또는       'std::basic_ostream<char,std::char_traits<char>> &std::basic_ostream<char,std::char_traits<char>>::operator <<(std::basic_ios<char,std::char_traits<char>> &(__cdecl *)(std::basic_ios<char,std::char_traits<char>> &))'
          C:\Users\Administrator\Desktop\sbs-c--\sbs-C-plus-plus\program\program\program.cpp(96,3):
          'std::basic_ostream<char,std::char_traits<char>> &std::basic_ostream<char,std::char_traits<char>>::operator <<(std::basic_ios<char,std::char_traits<char>> &(__cdecl *)(std::basic_ios<char,std::char_traits<char>> &))': 인수 2을(를) 'Container<int>'에서 'std::basic_ios<char,std::char_traits<char>> &(__cdecl *)(std::basic_ios<char,std::char_traits<char>> &)'(으)로 변환할 수 없습니다.
              C:\Users\Administrator\Desktop\sbs-c--\sbs-C-plus-plus\program\program\program.cpp(96,11):
              이 변환을 수행할 수 있는 사용 가능한 사용자 정의 변환 연산자가 없거나 연산자를 호출할 수 없습니다.
      C:\Program Files\Microsoft Visual Studio\2022\Community\VC\Tools\MSVC\14.43.34808\include\__msvc_ostream.hpp(189,39):
      또는       'std::basic_ostream<char,std::char_traits<char>> &std::basic_ostream<char,std::char_traits<char>>::operator <<(std::basic_ostream<char,std::char_traits<char>> &(__cdecl *)(std::basic_ostream<char,std::char_traits<char>> &))'
          C:\Users\Administrator\Desktop\sbs-c--\sbs-C-plus-plus\program\program\program.cpp(96,3):
          'std::basic_ostream<char,std::char_traits<char>> &std::basic_ostream<char,std::char_traits<char>>::operator <<(std::basic_ostream<char,std::char_traits<char>> &(__cdecl *)(std::basic_ostream<char,std::char_traits<char>> &))': 인수 2을(를) 'Container<int>'에서 'std::basic_ostream<char,std::char_traits<char>> &(__cdecl *)(std::basic_ostream<char,std::char_traits<char>> &)'(으)로 변환할 수 없습니다.
              C:\Users\Administrator\Desktop\sbs-c--\sbs-C-plus-plus\program\program\program.cpp(96,11):
              이 변환을 수행할 수 있는 사용 가능한 사용자 정의 변환 연산자가 없거나 연산자를 호출할 수 없습니다.
      C:\Program Files\Microsoft Visual Studio\2022\Community\VC\Tools\MSVC\14.43.34808\include\__msvc_ostream.hpp(1031,32):
      또는       'std::basic_ostream<_Elem,_Traits> &std::operator <<(std::basic_ostream<_Elem,_Traits> &,const std::error_code &)'
          C:\Users\Administrator\Desktop\sbs-c--\sbs-C-plus-plus\program\program\program.cpp(96,11):
          '초기화 중': 'Container<int>'에서 'const std::error_code &'(으)로 변환할 수 없습니다.
              C:\Users\Administrator\Desktop\sbs-c--\sbs-C-plus-plus\program\program\program.cpp(96,11):
              원인: 'Container<int>'에서 'const std::error_code'(으)로 변환할 수 없습니다.
              C:\Users\Administrator\Desktop\sbs-c--\sbs-C-plus-plus\program\program\program.cpp(96,11):
              이 변환을 수행할 수 있는 사용 가능한 사용자 정의 변환 연산자가 없거나 연산자를 호출할 수 없습니다.
      C:\Program Files\Microsoft Visual Studio\2022\Community\VC\Tools\MSVC\14.43.34808\include\__msvc_ostream.hpp(1005,9):
      또는       '_Ostr &&std::operator <<(_Ostr &&,const _Ty &)'
          C:\Users\Administrator\Desktop\sbs-c--\sbs-C-plus-plus\program\program\program.cpp(96,3):
          '_Ostr &&std::operator <<(_Ostr &&,const _Ty &)': '__formal'의 템플릿 인수를 추론할 수 없습니다.
              C:\Program Files\Microsoft Visual Studio\2022\Community\VC\Tools\MSVC\14.43.34808\include\__msvc_ostream.hpp(1004,103):
              '<template-parameter>': 참조에 대한 포인터를 만들 수 없습니다.
      C:\Program Files\Microsoft Visual Studio\2022\Community\VC\Tools\MSVC\14.43.34808\include\__msvc_ostream.hpp(947,31):
      또는       'std::basic_ostream<char,_Traits> &std::operator <<(std::basic_ostream<char,_Traits> &,unsigned char)'
          C:\Users\Administrator\Desktop\sbs-c--\sbs-C-plus-plus\program\program\program.cpp(96,11):
          '초기화 중': 'Container<int>'에서 'unsigned char'(으)로 변환할 수 없습니다.
              C:\Users\Administrator\Desktop\sbs-c--\sbs-C-plus-plus\program\program\program.cpp(96,11):
              이 변환을 수행할 수 있는 사용 가능한 사용자 정의 변환 연산자가 없거나 연산자를 호출할 수 없습니다.
      C:\Program Files\Microsoft Visual Studio\2022\Community\VC\Tools\MSVC\14.43.34808\include\__msvc_ostream.hpp(941,31):
      또는       'std::basic_ostream<char,_Traits> &std::operator <<(std::basic_ostream<char,_Traits> &,const unsigned char *)'
          C:\Users\Administrator\Desktop\sbs-c--\sbs-C-plus-plus\program\program\program.cpp(96,11):
          '초기화 중': 'Container<int>'에서 'const unsigned char *'(으)로 변환할 수 없습니다.
              C:\Users\Administrator\Desktop\sbs-c--\sbs-C-plus-plus\program\program\program.cpp(96,11):
              이 변환을 수행할 수 있는 사용 가능한 사용자 정의 변환 연산자가 없거나 연산자를 호출할 수 없습니다.
      C:\Program Files\Microsoft Visual Studio\2022\Community\VC\Tools\MSVC\14.43.34808\include\__msvc_ostream.hpp(936,31):
      또는       'std::basic_ostream<char,_Traits> &std::operator <<(std::basic_ostream<char,_Traits> &,signed char)'
          C:\Users\Administrator\Desktop\sbs-c--\sbs-C-plus-plus\program\program\program.cpp(96,11):
          '초기화 중': 'Container<int>'에서 'signed char'(으)로 변환할 수 없습니다.
              C:\Users\Administrator\Desktop\sbs-c--\sbs-C-plus-plus\program\program\program.cpp(96,11):
              이 변환을 수행할 수 있는 사용 가능한 사용자 정의 변환 연산자가 없거나 연산자를 호출할 수 없습니다.
      C:\Program Files\Microsoft Visual Studio\2022\Community\VC\Tools\MSVC\14.43.34808\include\__msvc_ostream.hpp(930,31):
      또는       'std::basic_ostream<char,_Traits> &std::operator <<(std::basic_ostream<char,_Traits> &,const signed char *)'
          C:\Users\Administrator\Desktop\sbs-c--\sbs-C-plus-plus\program\program\program.cpp(96,11):
          '초기화 중': 'Container<int>'에서 'const signed char *'(으)로 변환할 수 없습니다.
              C:\Users\Administrator\Desktop\sbs-c--\sbs-C-plus-plus\program\program\program.cpp(96,11):
              이 변환을 수행할 수 있는 사용 가능한 사용자 정의 변환 연산자가 없거나 연산자를 호출할 수 없습니다.
      C:\Program Files\Microsoft Visual Studio\2022\Community\VC\Tools\MSVC\14.43.34808\include\__msvc_ostream.hpp(894,32):
      또는       'std::basic_ostream<_Elem,_Traits> &std::operator <<(std::basic_ostream<_Elem,_Traits> &,_Elem)'
          C:\Users\Administrator\Desktop\sbs-c--\sbs-C-plus-plus\program\program\program.cpp(96,3):
          'std::basic_ostream<_Elem,_Traits> &std::operator <<(std::basic_ostream<_Elem,_Traits> &,_Elem)': 템플릿 매개 변수 '_Elem'이(가) 모호합니다.
              C:\Users\Administrator\Desktop\sbs-c--\sbs-C-plus-plus\program\program\program.cpp(96,3):
              'Container<int>'일 수 있습니다.
              C:\Users\Administrator\Desktop\sbs-c--\sbs-C-plus-plus\program\program\program.cpp(96,3):
              또는      'char'
          C:\Users\Administrator\Desktop\sbs-c--\sbs-C-plus-plus\program\program\program.cpp(96,3):
          'std::basic_ostream<_Elem,_Traits> &std::operator <<(std::basic_ostream<_Elem,_Traits> &,_Elem)': 'Container<int>'에서 '_Elem'에 대한 템플릿 인수를 추론할 수 없습니다.
      C:\Program Files\Microsoft Visual Studio\2022\Community\VC\Tools\MSVC\14.43.34808\include\__msvc_ostream.hpp(851,32):
      또는       'std::basic_ostream<_Elem,_Traits> &std::operator <<(std::basic_ostream<_Elem,_Traits> &,const _Elem *)'
          C:\Users\Administrator\Desktop\sbs-c--\sbs-C-plus-plus\program\program\program.cpp(96,3):
          'std::basic_ostream<_Elem,_Traits> &std::operator <<(std::basic_ostream<_Elem,_Traits> &,const _Elem *)': 'Container<int>'에서 'const _Elem *'에 대한 템플릿 인수를 추론할 수 없습니다.
      C:\Program Files\Microsoft Visual Studio\2022\Community\VC\Tools\MSVC\14.43.34808\include\__msvc_ostream.hpp(813,31):
      또는       'std::basic_ostream<char,_Traits> &std::operator <<(std::basic_ostream<char,_Traits> &,char)'
          C:\Users\Administrator\Desktop\sbs-c--\sbs-C-plus-plus\program\program\program.cpp(96,11):
          '초기화 중': 'Container<int>'에서 'char'(으)로 변환할 수 없습니다.
              C:\Users\Administrator\Desktop\sbs-c--\sbs-C-plus-plus\program\program\program.cpp(96,11):
              이 변환을 수행할 수 있는 사용 가능한 사용자 정의 변환 연산자가 없거나 연산자를 호출할 수 없습니다.
      C:\Program Files\Microsoft Visual Studio\2022\Community\VC\Tools\MSVC\14.43.34808\include\__msvc_ostream.hpp(768,31):
      또는       'std::basic_ostream<char,_Traits> &std::operator <<(std::basic_ostream<char,_Traits> &,const char *)'
          C:\Users\Administrator\Desktop\sbs-c--\sbs-C-plus-plus\program\program\program.cpp(96,11):
          '초기화 중': 'Container<int>'에서 'const char *'(으)로 변환할 수 없습니다.
              C:\Users\Administrator\Desktop\sbs-c--\sbs-C-plus-plus\program\program\program.cpp(96,11):
              이 변환을 수행할 수 있는 사용 가능한 사용자 정의 변환 연산자가 없거나 연산자를 호출할 수 없습니다.
      C:\Program Files\Microsoft Visual Studio\2022\Community\VC\Tools\MSVC\14.43.34808\include\__msvc_ostream.hpp(732,32):
      또는       'std::basic_ostream<_Elem,_Traits> &std::operator <<(std::basic_ostream<_Elem,_Traits> &,char)'
          C:\Users\Administrator\Desktop\sbs-c--\sbs-C-plus-plus\program\program\program.cpp(96,11):
          '초기화 중': 'Container<int>'에서 'char'(으)로 변환할 수 없습니다.
              C:\Users\Administrator\Desktop\sbs-c--\sbs-C-plus-plus\program\program\program.cpp(96,11):
              이 변환을 수행할 수 있는 사용 가능한 사용자 정의 변환 연산자가 없거나 연산자를 호출할 수 없습니다.
      C:\Program Files\Microsoft Visual Studio\2022\Community\VC\Tools\MSVC\14.43.34808\include\__msvc_ostream.hpp(688,32):
      또는       'std::basic_ostream<_Elem,_Traits> &std::operator <<(std::basic_ostream<_Elem,_Traits> &,const char *)'
          C:\Users\Administrator\Desktop\sbs-c--\sbs-C-plus-plus\program\program\program.cpp(96,11):
          '초기화 중': 'Container<int>'에서 'const char *'(으)로 변환할 수 없습니다.
              C:\Users\Administrator\Desktop\sbs-c--\sbs-C-plus-plus\program\program\program.cpp(96,11):
              이 변환을 수행할 수 있는 사용 가능한 사용자 정의 변환 연산자가 없거나 연산자를 호출할 수 없습니다.
      C:\Program Files\Microsoft Visual Studio\2022\Community\VC\Tools\MSVC\14.43.34808\include\memory(3756,32):
      또는       'std::basic_ostream<_Elem,_Traits> &std::operator <<(std::basic_ostream<_Elem,_Traits> &,const std::unique_ptr<_Ty2,_Dx2> &)'
          C:\Users\Administrator\Desktop\sbs-c--\sbs-C-plus-plus\program\program\program.cpp(96,3):
          'std::basic_ostream<_Elem,_Traits> &std::operator <<(std::basic_ostream<_Elem,_Traits> &,const std::unique_ptr<_Ty2,_Dx2> &)': 'Container<int>'에서 'const std::unique_ptr<_Ty2,_Dx2> &'에 대한 템플릿 인수를 추론할 수 없습니다.
      C:\Program Files\Microsoft Visual Studio\2022\Community\VC\Tools\MSVC\14.43.34808\include\memory(1976,32):
      또는       'std::basic_ostream<_Elem,_Traits> &std::operator <<(std::basic_ostream<_Elem,_Traits> &,const std::shared_ptr<_Ty> &)'
          C:\Users\Administrator\Desktop\sbs-c--\sbs-C-plus-plus\program\program\program.cpp(96,3):
          'std::basic_ostream<_Elem,_Traits> &std::operator <<(std::basic_ostream<_Elem,_Traits> &,const std::shared_ptr<_Ty> &)': 'Container<int>'에서 'const std::shared_ptr<_Ty> &'에 대한 템플릿 인수를 추론할 수 없습니다.
      C:\Program Files\Microsoft Visual Studio\2022\Community\VC\Tools\MSVC\14.43.34808\include\xstring(3408,32):
      또는       'std::basic_ostream<_Elem,_Traits> &std::operator <<(std::basic_ostream<_Elem,_Traits> &,const std::basic_string<_Elem,_Traits,_Alloc> &)'
          C:\Users\Administrator\Desktop\sbs-c--\sbs-C-plus-plus\program\program\program.cpp(96,3):
          'std::basic_ostream<_Elem,_Traits> &std::operator <<(std::basic_ostream<_Elem,_Traits> &,const std::basic_string<_Elem,_Traits,_Alloc> &)': 'Container<int>'에서 'const std::basic_string<_Elem,_Traits,_Alloc> &'에 대한 템플릿 인수를 추론할 수 없습니다.
      C:\Users\Administrator\Desktop\sbs-c--\sbs-C-plus-plus\program\program\program.cpp(96,3):
      인수 목록 '(std::ostream, Container<int>)'을(를) 일치시키는 동안
  
C:\Users\Administrator\Desktop\sbs-c--\sbs-C-plus-plus\program\program\program.cpp(96,22): error C2059: 구문 오류: '<<'
